MobileNetworksAndIoT_RMIC/Project/App/ProjectG09/app/build/intermediates/manifest_merge_blame_file/debug/manifest-merger-blame-debug-report.txt
1<?xml version="1.0" encoding="utf-8"?>
2<manifest xmlns:android="http://schemas.android.com/apk/res/android"
3    package="com.rmic.iotalarmapp"
4    android:versionCode="1"
5    android:versionName="1.0" >
6
7    <uses-sdk
8        android:minSdkVersion="19"
8-->src/main/AndroidManifest.xml
9        android:targetSdkVersion="33" />
9-->src/main/AndroidManifest.xml
10
11    <!-- Although the *SdkVersion is captured in gradle build files, this is required for non gradle builds -->
12    <!-- <uses-sdk android:minSdkVersion="14"/> -->
13    <uses-permission android:name="android.permission.ACCESS_NETWORK_STATE" />
13-->[com.google.firebase:firebase-database:20.1.0] AndroidManifest.xml:24:5-79
13-->[com.google.firebase:firebase-database:20.1.0] AndroidManifest.xml:24:22-76
14    <uses-permission android:name="android.permission.INTERNET" />
14-->[com.google.firebase:firebase-database:20.1.0] AndroidManifest.xml:25:5-67
14-->[com.google.firebase:firebase-database:20.1.0] AndroidManifest.xml:25:22-64
15    <uses-permission android:name="android.permission.WAKE_LOCK" />
15-->[com.google.android.gms:play-services-measurement-api:21.2.0] AndroidManifest.xml:24:5-68
15-->[com.google.android.gms:play-services-measurement-api:21.2.0] AndroidManifest.xml:24:22-65
16    <uses-permission android:name="com.google.android.gms.permission.AD_ID" />
16-->[com.google.android.gms:play-services-measurement-api:21.2.0] AndroidManifest.xml:25:5-79
16-->[com.google.android.gms:play-services-measurement-api:21.2.0] AndroidManifest.xml:25:22-76
17    <uses-permission android:name="com.google.android.finsky.permission.BIND_GET_INSTALL_REFERRER_SERVICE" />
17-->[com.google.android.gms:play-services-measurement:21.2.0] AndroidManifest.xml:26:5-110
17-->[com.google.android.gms:play-services-measurement:21.2.0] AndroidManifest.xml:26:22-107
18
19    <application
19-->src/main/AndroidManifest.xml:6:5-24:19
20        android:allowBackup="true"
20-->src/main/AndroidManifest.xml:7:9-35
21        android:appComponentFactory="androidx.core.app.CoreComponentFactory"
21-->[androidx.core:core:1.7.0] AndroidManifest.xml:24:18-86
22        android:dataExtractionRules="@xml/data_extraction_rules"
22-->src/main/AndroidManifest.xml:8:9-65
23        android:debuggable="true"
24        android:fullBackupContent="@xml/backup_rules"
24-->src/main/AndroidManifest.xml:9:9-54
25        android:icon="@mipmap/ic_launcher"
25-->src/main/AndroidManifest.xml:10:9-43
26        android:label="@string/app_name"
26-->src/main/AndroidManifest.xml:11:9-41
27        android:supportsRtl="true"
27-->src/main/AndroidManifest.xml:12:9-35
28        android:testOnly="true"
29        android:theme="@style/Theme.Assignment_1_GR09" >
29-->src/main/AndroidManifest.xml:13:9-55
30        <activity
30-->src/main/AndroidManifest.xml:15:9-23:20
31            android:name="com.rmic.iotalarmapp.MainActivity"
31-->src/main/AndroidManifest.xml:16:13-41
32            android:exported="true" >
32-->src/main/AndroidManifest.xml:17:13-36
33            <intent-filter>
33-->src/main/AndroidManifest.xml:18:13-22:29
34                <action android:name="android.intent.action.MAIN" />
34-->src/main/AndroidManifest.xml:19:17-69
34-->src/main/AndroidManifest.xml:19:25-66
35
36                <category android:name="android.intent.category.LAUNCHER" />
36-->src/main/AndroidManifest.xml:21:17-77
36-->src/main/AndroidManifest.xml:21:27-74
37            </intent-filter>
38        </activity>
39
40        <service
40-->[com.google.firebase:firebase-database:20.1.0] AndroidManifest.xml:28:9-34:19
41            android:name="com.google.firebase.components.ComponentDiscoveryService"
41-->[com.google.firebase:firebase-database:20.1.0] AndroidManifest.xml:29:13-84
42            android:directBootAware="true"
42-->[com.google.firebase:firebase-common:20.3.0] AndroidManifest.xml:34:13-43
43            android:exported="false" >
43-->[com.google.firebase:firebase-database:20.1.0] AndroidManifest.xml:30:13-37
44            <meta-data
44-->[com.google.firebase:firebase-database:20.1.0] AndroidManifest.xml:31:13-33:85
45                android:name="com.google.firebase.components:com.google.firebase.database.DatabaseRegistrar"
45-->[com.google.firebase:firebase-database:20.1.0] AndroidManifest.xml:32:17-109
46                android:value="com.google.firebase.components.ComponentRegistrar" />
46-->[com.google.firebase:firebase-database:20.1.0] AndroidManifest.xml:33:17-82
47            <meta-data
47-->[com.google.android.gms:play-services-measurement-api:21.2.0] AndroidManifest.xml:31:13-33:85
48                android:name="com.google.firebase.components:com.google.firebase.analytics.connector.internal.AnalyticsConnectorRegistrar"
48-->[com.google.android.gms:play-services-measurement-api:21.2.0] AndroidManifest.xml:32:17-139
49                android:value="com.google.firebase.components.ComponentRegistrar" />
49-->[com.google.android.gms:play-services-measurement-api:21.2.0] AndroidManifest.xml:33:17-82
50            <meta-data
50-->[com.google.firebase:firebase-installations:17.1.2] AndroidManifest.xml:17:13-19:85
51                android:name="com.google.firebase.components:com.google.firebase.installations.FirebaseInstallationsRegistrar"
51-->[com.google.firebase:firebase-installations:17.1.2] AndroidManifest.xml:18:17-127
52                android:value="com.google.firebase.components.ComponentRegistrar" />
52-->[com.google.firebase:firebase-installations:17.1.2] AndroidManifest.xml:19:17-82
53        </service>
54
55        <provider
55-->[com.google.firebase:firebase-common:20.3.0] AndroidManifest.xml:25:9-30:39
56            android:name="com.google.firebase.provider.FirebaseInitProvider"
56-->[com.google.firebase:firebase-common:20.3.0] AndroidManifest.xml:26:13-77
57            android:authorities="com.rmic.iotalarmapp.firebaseinitprovider"
57-->[com.google.firebase:firebase-common:20.3.0] AndroidManifest.xml:27:13-72
58            android:directBootAware="true"
58-->[com.google.firebase:firebase-common:20.3.0] AndroidManifest.xml:28:13-43
59            android:exported="false"
59-->[com.google.firebase:firebase-common:20.3.0] AndroidManifest.xml:29:13-37
60            android:initOrder="100" />
60-->[com.google.firebase:firebase-common:20.3.0] AndroidManifest.xml:30:13-36
61
62        <activity
62-->[com.google.android.gms:play-services-base:18.0.1] AndroidManifest.xml:20:9-22:45
63            android:name="com.google.android.gms.common.api.GoogleApiActivity"
63-->[com.google.android.gms:play-services-base:18.0.1] AndroidManifest.xml:20:19-85
64            android:exported="false"
64-->[com.google.android.gms:play-services-base:18.0.1] AndroidManifest.xml:22:19-43
65            android:theme="@android:style/Theme.Translucent.NoTitleBar" />
65-->[com.google.android.gms:play-services-base:18.0.1] AndroidManifest.xml:21:19-78
66
67        <receiver
67-->[com.google.android.gms:play-services-measurement:21.2.0] AndroidManifest.xml:29:9-33:20
68            android:name="com.google.android.gms.measurement.AppMeasurementReceiver"
68-->[com.google.android.gms:play-services-measurement:21.2.0] AndroidManifest.xml:30:13-85
69            android:enabled="true"
69-->[com.google.android.gms:play-services-measurement:21.2.0] AndroidManifest.xml:31:13-35
70            android:exported="false" >
70-->[com.google.android.gms:play-services-measurement:21.2.0] AndroidManifest.xml:32:13-37
71        </receiver>
72
73        <service
73-->[com.google.android.gms:play-services-measurement:21.2.0] AndroidManifest.xml:35:9-38:40
74            android:name="com.google.android.gms.measurement.AppMeasurementService"
74-->[com.google.android.gms:play-services-measurement:21.2.0] AndroidManifest.xml:36:13-84
75            android:enabled="true"
75-->[com.google.android.gms:play-services-measurement:21.2.0] AndroidManifest.xml:37:13-35
76            android:exported="false" />
76-->[com.google.android.gms:play-services-measurement:21.2.0] AndroidManifest.xml:38:13-37
77        <service
77-->[com.google.android.gms:play-services-measurement:21.2.0] AndroidManifest.xml:39:9-43:72
78            android:name="com.google.android.gms.measurement.AppMeasurementJobService"
78-->[com.google.android.gms:play-services-measurement:21.2.0] AndroidManifest.xml:40:13-87
79            android:enabled="true"
79-->[com.google.android.gms:play-services-measurement:21.2.0] AndroidManifest.xml:41:13-35
80            android:exported="false"
80-->[com.google.android.gms:play-services-measurement:21.2.0] AndroidManifest.xml:42:13-37
81            android:permission="android.permission.BIND_JOB_SERVICE" />
81-->[com.google.android.gms:play-services-measurement:21.2.0] AndroidManifest.xml:43:13-69
82
83        <meta-data
83-->[com.google.android.gms:play-services-basement:18.1.0] AndroidManifest.xml:21:9-23:69
84            android:name="com.google.android.gms.version"
84-->[com.google.android.gms:play-services-basement:18.1.0] AndroidManifest.xml:22:13-58
85            android:value="@integer/google_play_services_version" />
85-->[com.google.android.gms:play-services-basement:18.1.0] AndroidManifest.xml:23:13-66
86
87        <provider
87-->[androidx.emoji2:emoji2:1.0.0] AndroidManifest.xml:26:9-34:20
88            android:name="androidx.startup.InitializationProvider"
88-->[androidx.emoji2:emoji2:1.0.0] AndroidManifest.xml:27:13-67
89            android:authorities="com.rmic.iotalarmapp.androidx-startup"
89-->[androidx.emoji2:emoji2:1.0.0] AndroidManifest.xml:28:13-68
90            android:exported="false" >
90-->[androidx.emoji2:emoji2:1.0.0] AndroidManifest.xml:29:13-37
91            <meta-data
91-->[androidx.emoji2:emoji2:1.0.0] AndroidManifest.xml:31:13-33:52
92                android:name="androidx.emoji2.text.EmojiCompatInitializer"
92-->[androidx.emoji2:emoji2:1.0.0] AndroidManifest.xml:32:17-75
93                android:value="androidx.startup" />
93-->[androidx.emoji2:emoji2:1.0.0] AndroidManifest.xml:33:17-49
94            <meta-data
94-->[androidx.lifecycle:lifecycle-process:2.4.0] AndroidManifest.xml:31:13-33:52
95                android:name="androidx.lifecycle.ProcessLifecycleInitializer"
95-->[androidx.lifecycle:lifecycle-process:2.4.0] AndroidManifest.xml:32:17-78
96                android:value="androidx.startup" />
96-->[androidx.lifecycle:lifecycle-process:2.4.0] AndroidManifest.xml:33:17-49
97        </provider>
98    </application>
99
100</manifest>